[0.006s] Invoking command in '/home/legit0108/Robohan/Tourobo2024ROS2_omni_sim/build/omni_sim': CMAKE_PREFIX_PATH=${CMAKE_PREFIX_PATH}:/opt/ros/humble /usr/bin/cmake /home/legit0108/Robohan/Tourobo2024ROS2_omni_sim -DAMENT_CMAKE_SYMLINK_INSTALL=1 -DCMAKE_INSTALL_PREFIX=/home/legit0108/Robohan/Tourobo2024ROS2_omni_sim/install/omni_sim
[0.038s] -- The C compiler identification is GNU 11.4.0
[0.069s] -- The CXX compiler identification is GNU 11.4.0
[0.074s] -- Detecting C compiler ABI info
[0.117s] -- Detecting C compiler ABI info - done
[0.121s] -- Check for working C compiler: /usr/bin/cc - skipped
[0.121s] -- Detecting C compile features
[0.121s] -- Detecting C compile features - done
[0.123s] -- Detecting CXX compiler ABI info
[0.171s] -- Detecting CXX compiler ABI info - done
[0.175s] -- Check for working CXX compiler: /usr/bin/c++ - skipped
[0.175s] -- Detecting CXX compile features
[0.176s] -- Detecting CXX compile features - done
[0.177s] -- Found ament_cmake_auto: 1.3.9 (/opt/ros/humble/share/ament_cmake_auto/cmake)
[0.255s] -- Found Python3: /usr/bin/python3 (found version "3.10.12") found components: Interpreter 
[0.284s] -- Override CMake install command with custom implementation using symlinks instead of copying resources
[0.363s] -- Found rosidl_generator_c: 3.1.5 (/opt/ros/humble/share/rosidl_generator_c/cmake)
[0.367s] -- Found rosidl_adapter: 3.1.5 (/opt/ros/humble/share/rosidl_adapter/cmake)
[0.372s] -- Found rosidl_generator_cpp: 3.1.5 (/opt/ros/humble/share/rosidl_generator_cpp/cmake)
[0.380s] -- Using all available rosidl_typesupport_c: rosidl_typesupport_fastrtps_c;rosidl_typesupport_introspection_c
[0.391s] -- Using all available rosidl_typesupport_cpp: rosidl_typesupport_fastrtps_cpp;rosidl_typesupport_introspection_cpp
[0.429s] -- Found rmw_implementation_cmake: 6.1.2 (/opt/ros/humble/share/rmw_implementation_cmake/cmake)
[0.431s] -- Found rmw_fastrtps_cpp: 6.2.6 (/opt/ros/humble/share/rmw_fastrtps_cpp/cmake)
[0.498s] -- Found OpenSSL: /usr/lib/x86_64-linux-gnu/libcrypto.so (found version "3.0.2")  
[0.519s] -- Found FastRTPS: /opt/ros/humble/include  
[0.553s] -- Using RMW implementation 'rmw_fastrtps_cpp' as default
[0.560s] -- Looking for pthread.h
[0.604s] -- Looking for pthread.h - found
[0.604s] -- Performing Test CMAKE_HAVE_LIBC_PTHREAD
[0.649s] -- Performing Test CMAKE_HAVE_LIBC_PTHREAD - Success
[0.650s] -- Found Threads: TRUE  
[0.982s] -- Found ament_lint_auto: 0.12.11 (/opt/ros/humble/share/ament_lint_auto/cmake)
[0.999s] -- Added test 'cppcheck' to perform static code analysis on C / C++ code
[1.000s] -- Configured cppcheck include dirs: /home/legit0108/Robohan/Tourobo2024ROS2_omni_sim/include
[1.000s] -- Configured cppcheck exclude dirs and/or files: 
[1.002s] -- Added test 'lint_cmake' to check CMake code style
[1.007s] -- Added test 'uncrustify' to check C / C++ code style
[1.007s] -- Configured uncrustify additional arguments: 
[1.008s] -- Added test 'xmllint' to check XML markup files
[1.010s] -- Configuring done
[1.019s] -- Generating done
[1.020s] -- Build files have been written to: /home/legit0108/Robohan/Tourobo2024ROS2_omni_sim/build/omni_sim
[1.028s] Invoked command in '/home/legit0108/Robohan/Tourobo2024ROS2_omni_sim/build/omni_sim' returned '0': CMAKE_PREFIX_PATH=${CMAKE_PREFIX_PATH}:/opt/ros/humble /usr/bin/cmake /home/legit0108/Robohan/Tourobo2024ROS2_omni_sim -DAMENT_CMAKE_SYMLINK_INSTALL=1 -DCMAKE_INSTALL_PREFIX=/home/legit0108/Robohan/Tourobo2024ROS2_omni_sim/install/omni_sim
[1.029s] Invoking command in '/home/legit0108/Robohan/Tourobo2024ROS2_omni_sim/build/omni_sim': CMAKE_PREFIX_PATH=${CMAKE_PREFIX_PATH}:/opt/ros/humble /usr/bin/cmake --build /home/legit0108/Robohan/Tourobo2024ROS2_omni_sim/build/omni_sim -- -j16 -l16
[1.062s] [ 25%] [32mBuilding CXX object CMakeFiles/omni_control.dir/src/omni_robot_controller.cpp.o[0m
[5.257s] [ 50%] [32m[1mLinking CXX shared library libomni_control.so[0m
[5.478s] [ 50%] Built target omni_control
[5.492s] [ 75%] [32mBuilding CXX object CMakeFiles/odom_tf_converter.dir/src/odom_tf_converter.cpp.o[0m
[9.619s] [100%] [32m[1mLinking CXX shared library libodom_tf_converter.so[0m
[9.834s] [100%] Built target odom_tf_converter
[9.842s] Invoked command in '/home/legit0108/Robohan/Tourobo2024ROS2_omni_sim/build/omni_sim' returned '0': CMAKE_PREFIX_PATH=${CMAKE_PREFIX_PATH}:/opt/ros/humble /usr/bin/cmake --build /home/legit0108/Robohan/Tourobo2024ROS2_omni_sim/build/omni_sim -- -j16 -l16
[9.866s] Invoking command in '/home/legit0108/Robohan/Tourobo2024ROS2_omni_sim/build/omni_sim': CMAKE_PREFIX_PATH=${CMAKE_PREFIX_PATH}:/opt/ros/humble /usr/bin/cmake --install /home/legit0108/Robohan/Tourobo2024ROS2_omni_sim/build/omni_sim
[9.871s] -- Install configuration: ""
[9.871s] -- Execute custom install script
[9.872s] -- Symlinking: /home/legit0108/Robohan/Tourobo2024ROS2_omni_sim/install/omni_sim/share/omni_sim/launch/omni_robot.launch.xml
[9.878s] -- Symlinking: /home/legit0108/Robohan/Tourobo2024ROS2_omni_sim/install/omni_sim/share/omni_sim/config/omni_sim.yaml
[9.884s] -- Symlinking: /home/legit0108/Robohan/Tourobo2024ROS2_omni_sim/install/omni_sim/share/omni_sim/xacro/control_macro.xacro
[9.889s] -- Symlinking: /home/legit0108/Robohan/Tourobo2024ROS2_omni_sim/install/omni_sim/share/omni_sim/xacro/omni_robot.xacro
[9.894s] -- Symlinking: /home/legit0108/Robohan/Tourobo2024ROS2_omni_sim/install/omni_sim/share/omni_sim/xacro/sensor_macro.xacro
[9.900s] -- Symlinking: /home/legit0108/Robohan/Tourobo2024ROS2_omni_sim/install/omni_sim/share/omni_sim/xacro/wheel_macro.xacro
[9.905s] -- Symlinking: /home/legit0108/Robohan/Tourobo2024ROS2_omni_sim/install/omni_sim/share/omni_sim/world/tourobo_field.world
[9.911s] -- Symlinking: /home/legit0108/Robohan/Tourobo2024ROS2_omni_sim/install/omni_sim/include/omni_sim/odom_tf_converter.hpp
[9.916s] -- Symlinking: /home/legit0108/Robohan/Tourobo2024ROS2_omni_sim/install/omni_sim/include/omni_sim/omni_robot_controller.hpp
[9.922s] -- Symlinking: /home/legit0108/Robohan/Tourobo2024ROS2_omni_sim/install/omni_sim/share/omni_sim/environment/library_path.sh
[9.928s] -- Symlinking: /home/legit0108/Robohan/Tourobo2024ROS2_omni_sim/install/omni_sim/share/omni_sim/environment/library_path.dsv
[9.933s] -- Symlinking: /home/legit0108/Robohan/Tourobo2024ROS2_omni_sim/install/omni_sim/lib/libomni_control.so
[9.938s] -- Symlinking: /home/legit0108/Robohan/Tourobo2024ROS2_omni_sim/install/omni_sim/lib/libodom_tf_converter.so
[9.945s] -- Symlinking: /home/legit0108/Robohan/Tourobo2024ROS2_omni_sim/install/omni_sim/share/ament_index/resource_index/package_run_dependencies/omni_sim
[9.950s] -- Symlinking: /home/legit0108/Robohan/Tourobo2024ROS2_omni_sim/install/omni_sim/share/ament_index/resource_index/parent_prefix_path/omni_sim
[9.956s] -- Symlinking: /home/legit0108/Robohan/Tourobo2024ROS2_omni_sim/install/omni_sim/share/omni_sim/environment/ament_prefix_path.sh
[9.961s] -- Symlinking: /home/legit0108/Robohan/Tourobo2024ROS2_omni_sim/install/omni_sim/share/omni_sim/environment/ament_prefix_path.dsv
[9.967s] -- Symlinking: /home/legit0108/Robohan/Tourobo2024ROS2_omni_sim/install/omni_sim/share/omni_sim/environment/path.sh
[9.973s] -- Symlinking: /home/legit0108/Robohan/Tourobo2024ROS2_omni_sim/install/omni_sim/share/omni_sim/environment/path.dsv
[9.978s] -- Symlinking: /home/legit0108/Robohan/Tourobo2024ROS2_omni_sim/install/omni_sim/share/omni_sim/local_setup.bash
[9.984s] -- Symlinking: /home/legit0108/Robohan/Tourobo2024ROS2_omni_sim/install/omni_sim/share/omni_sim/local_setup.sh
[9.989s] -- Symlinking: /home/legit0108/Robohan/Tourobo2024ROS2_omni_sim/install/omni_sim/share/omni_sim/local_setup.zsh
[9.995s] -- Symlinking: /home/legit0108/Robohan/Tourobo2024ROS2_omni_sim/install/omni_sim/share/omni_sim/local_setup.dsv
[10.001s] -- Symlinking: /home/legit0108/Robohan/Tourobo2024ROS2_omni_sim/install/omni_sim/share/omni_sim/package.dsv
[10.007s] -- Symlinking: /home/legit0108/Robohan/Tourobo2024ROS2_omni_sim/install/omni_sim/share/ament_index/resource_index/packages/omni_sim
[10.012s] -- Symlinking: /home/legit0108/Robohan/Tourobo2024ROS2_omni_sim/install/omni_sim/share/ament_index/resource_index/rclcpp_components/omni_sim
[10.018s] -- Symlinking: /home/legit0108/Robohan/Tourobo2024ROS2_omni_sim/install/omni_sim/share/omni_sim/cmake/ament_cmake_export_dependencies-extras.cmake
[10.024s] -- Symlinking: /home/legit0108/Robohan/Tourobo2024ROS2_omni_sim/install/omni_sim/share/omni_sim/cmake/ament_cmake_export_include_directories-extras.cmake
[10.029s] -- Symlinking: /home/legit0108/Robohan/Tourobo2024ROS2_omni_sim/install/omni_sim/share/omni_sim/cmake/ament_cmake_export_libraries-extras.cmake
[10.035s] -- Symlinking: /home/legit0108/Robohan/Tourobo2024ROS2_omni_sim/install/omni_sim/share/omni_sim/cmake/omni_simConfig.cmake
[10.040s] -- Symlinking: /home/legit0108/Robohan/Tourobo2024ROS2_omni_sim/install/omni_sim/share/omni_sim/cmake/omni_simConfig-version.cmake
[10.046s] -- Symlinking: /home/legit0108/Robohan/Tourobo2024ROS2_omni_sim/install/omni_sim/share/omni_sim/package.xml
[10.053s] Invoked command in '/home/legit0108/Robohan/Tourobo2024ROS2_omni_sim/build/omni_sim' returned '0': CMAKE_PREFIX_PATH=${CMAKE_PREFIX_PATH}:/opt/ros/humble /usr/bin/cmake --install /home/legit0108/Robohan/Tourobo2024ROS2_omni_sim/build/omni_sim
