[0.007s] Invoking command in '/home/robohan/Tourobo2024/Tourobo2024ROS2_omni_sim/build/omni_sim': CMAKE_PREFIX_PATH=${CMAKE_PREFIX_PATH}:/opt/ros/humble /usr/bin/cmake --build /home/robohan/Tourobo2024/Tourobo2024ROS2_omni_sim/build/omni_sim -- -j12 -l12
[0.036s] [ 50%] Built target omni_control
[0.054s] [100%] Built target odom_tf_converter
[0.060s] Invoked command in '/home/robohan/Tourobo2024/Tourobo2024ROS2_omni_sim/build/omni_sim' returned '0': CMAKE_PREFIX_PATH=${CMAKE_PREFIX_PATH}:/opt/ros/humble /usr/bin/cmake --build /home/robohan/Tourobo2024/Tourobo2024ROS2_omni_sim/build/omni_sim -- -j12 -l12
[0.096s] Invoking command in '/home/robohan/Tourobo2024/Tourobo2024ROS2_omni_sim/build/omni_sim': CMAKE_PREFIX_PATH=${CMAKE_PREFIX_PATH}:/opt/ros/humble /usr/bin/cmake --install /home/robohan/Tourobo2024/Tourobo2024ROS2_omni_sim/build/omni_sim
[0.101s] -- Install configuration: ""
[0.102s] -- Execute custom install script
[0.102s] -- Up-to-date symlink: /home/robohan/Tourobo2024/Tourobo2024ROS2_omni_sim/install/omni_sim/share/omni_sim/launch/omni_robot.launch.xml
[0.102s] -- Up-to-date symlink: /home/robohan/Tourobo2024/Tourobo2024ROS2_omni_sim/install/omni_sim/share/omni_sim/config/omni_sim.yaml
[0.102s] -- Up-to-date symlink: /home/robohan/Tourobo2024/Tourobo2024ROS2_omni_sim/install/omni_sim/share/omni_sim/xacro/control_macro.xacro
[0.102s] -- Up-to-date symlink: /home/robohan/Tourobo2024/Tourobo2024ROS2_omni_sim/install/omni_sim/share/omni_sim/xacro/omni_robot.xacro
[0.102s] -- Up-to-date symlink: /home/robohan/Tourobo2024/Tourobo2024ROS2_omni_sim/install/omni_sim/share/omni_sim/xacro/sensor_macro.xacro
[0.103s] -- Up-to-date symlink: /home/robohan/Tourobo2024/Tourobo2024ROS2_omni_sim/install/omni_sim/share/omni_sim/xacro/wheel_macro.xacro
[0.103s] -- Up-to-date symlink: /home/robohan/Tourobo2024/Tourobo2024ROS2_omni_sim/install/omni_sim/share/omni_sim/world/tourobo_field.world
[0.103s] -- Up-to-date symlink: /home/robohan/Tourobo2024/Tourobo2024ROS2_omni_sim/install/omni_sim/include/omni_sim/odom_tf_converter.hpp
[0.103s] -- Up-to-date symlink: /home/robohan/Tourobo2024/Tourobo2024ROS2_omni_sim/install/omni_sim/include/omni_sim/omni_robot_controller.hpp
[0.103s] -- Up-to-date symlink: /home/robohan/Tourobo2024/Tourobo2024ROS2_omni_sim/install/omni_sim/share/omni_sim/environment/library_path.sh
[0.103s] -- Up-to-date symlink: /home/robohan/Tourobo2024/Tourobo2024ROS2_omni_sim/install/omni_sim/share/omni_sim/environment/library_path.dsv
[0.103s] -- Up-to-date symlink: /home/robohan/Tourobo2024/Tourobo2024ROS2_omni_sim/install/omni_sim/lib/libomni_control.so
[0.104s] -- Up-to-date symlink: /home/robohan/Tourobo2024/Tourobo2024ROS2_omni_sim/install/omni_sim/lib/libodom_tf_converter.so
[0.104s] -- Up-to-date symlink: /home/robohan/Tourobo2024/Tourobo2024ROS2_omni_sim/install/omni_sim/share/ament_index/resource_index/package_run_dependencies/omni_sim
[0.104s] -- Up-to-date symlink: /home/robohan/Tourobo2024/Tourobo2024ROS2_omni_sim/install/omni_sim/share/ament_index/resource_index/parent_prefix_path/omni_sim
[0.104s] -- Up-to-date symlink: /home/robohan/Tourobo2024/Tourobo2024ROS2_omni_sim/install/omni_sim/share/omni_sim/environment/ament_prefix_path.sh
[0.104s] -- Up-to-date symlink: /home/robohan/Tourobo2024/Tourobo2024ROS2_omni_sim/install/omni_sim/share/omni_sim/environment/ament_prefix_path.dsv
[0.104s] -- Up-to-date symlink: /home/robohan/Tourobo2024/Tourobo2024ROS2_omni_sim/install/omni_sim/share/omni_sim/environment/path.sh
[0.104s] -- Up-to-date symlink: /home/robohan/Tourobo2024/Tourobo2024ROS2_omni_sim/install/omni_sim/share/omni_sim/environment/path.dsv
[0.104s] -- Up-to-date symlink: /home/robohan/Tourobo2024/Tourobo2024ROS2_omni_sim/install/omni_sim/share/omni_sim/local_setup.bash
[0.105s] -- Up-to-date symlink: /home/robohan/Tourobo2024/Tourobo2024ROS2_omni_sim/install/omni_sim/share/omni_sim/local_setup.sh
[0.105s] -- Up-to-date symlink: /home/robohan/Tourobo2024/Tourobo2024ROS2_omni_sim/install/omni_sim/share/omni_sim/local_setup.zsh
[0.105s] -- Up-to-date symlink: /home/robohan/Tourobo2024/Tourobo2024ROS2_omni_sim/install/omni_sim/share/omni_sim/local_setup.dsv
[0.105s] -- Symlinking: /home/robohan/Tourobo2024/Tourobo2024ROS2_omni_sim/install/omni_sim/share/omni_sim/package.dsv
[0.110s] -- Up-to-date symlink: /home/robohan/Tourobo2024/Tourobo2024ROS2_omni_sim/install/omni_sim/share/ament_index/resource_index/packages/omni_sim
[0.110s] -- Up-to-date symlink: /home/robohan/Tourobo2024/Tourobo2024ROS2_omni_sim/install/omni_sim/share/ament_index/resource_index/rclcpp_components/omni_sim
[0.111s] -- Up-to-date symlink: /home/robohan/Tourobo2024/Tourobo2024ROS2_omni_sim/install/omni_sim/share/omni_sim/cmake/ament_cmake_export_dependencies-extras.cmake
[0.111s] -- Up-to-date symlink: /home/robohan/Tourobo2024/Tourobo2024ROS2_omni_sim/install/omni_sim/share/omni_sim/cmake/ament_cmake_export_include_directories-extras.cmake
[0.111s] -- Up-to-date symlink: /home/robohan/Tourobo2024/Tourobo2024ROS2_omni_sim/install/omni_sim/share/omni_sim/cmake/ament_cmake_export_libraries-extras.cmake
[0.111s] -- Up-to-date symlink: /home/robohan/Tourobo2024/Tourobo2024ROS2_omni_sim/install/omni_sim/share/omni_sim/cmake/omni_simConfig.cmake
[0.111s] -- Up-to-date symlink: /home/robohan/Tourobo2024/Tourobo2024ROS2_omni_sim/install/omni_sim/share/omni_sim/cmake/omni_simConfig-version.cmake
[0.111s] -- Up-to-date symlink: /home/robohan/Tourobo2024/Tourobo2024ROS2_omni_sim/install/omni_sim/share/omni_sim/package.xml
[0.112s] Invoked command in '/home/robohan/Tourobo2024/Tourobo2024ROS2_omni_sim/build/omni_sim' returned '0': CMAKE_PREFIX_PATH=${CMAKE_PREFIX_PATH}:/opt/ros/humble /usr/bin/cmake --install /home/robohan/Tourobo2024/Tourobo2024ROS2_omni_sim/build/omni_sim
