[0.007s] Invoking command in '/home/legit0108/Robohan/Tourobo2024ROS2_omni_sim/build/omni_sim': CMAKE_PREFIX_PATH=${CMAKE_PREFIX_PATH}:/opt/ros/humble /usr/bin/cmake /home/legit0108/Robohan/Tourobo2024ROS2_omni_sim -DAMENT_CMAKE_SYMLINK_INSTALL=1 -DCMAKE_INSTALL_PREFIX=/home/legit0108/Robohan/Tourobo2024ROS2_omni_sim/install/omni_sim
[0.041s] -- The C compiler identification is GNU 11.4.0
[0.073s] -- The CXX compiler identification is GNU 11.4.0
[0.078s] -- Detecting C compiler ABI info
[0.125s] -- Detecting C compiler ABI info - done
[0.128s] -- Check for working C compiler: /usr/bin/cc - skipped
[0.128s] -- Detecting C compile features
[0.128s] -- Detecting C compile features - done
[0.130s] -- Detecting CXX compiler ABI info
[0.181s] -- Detecting CXX compiler ABI info - done
[0.184s] -- Check for working CXX compiler: /usr/bin/c++ - skipped
[0.184s] -- Detecting CXX compile features
[0.184s] -- Detecting CXX compile features - done
[0.187s] -- Found ament_cmake_auto: 1.3.9 (/opt/ros/humble/share/ament_cmake_auto/cmake)
[0.271s] -- Found Python3: /usr/bin/python3 (found version "3.10.12") found components: Interpreter 
[0.301s] -- Override CMake install command with custom implementation using symlinks instead of copying resources
[0.398s] -- Found rosidl_generator_c: 3.1.5 (/opt/ros/humble/share/rosidl_generator_c/cmake)
[0.403s] -- Found rosidl_adapter: 3.1.5 (/opt/ros/humble/share/rosidl_adapter/cmake)
[0.409s] -- Found rosidl_generator_cpp: 3.1.5 (/opt/ros/humble/share/rosidl_generator_cpp/cmake)
[0.418s] -- Using all available rosidl_typesupport_c: rosidl_typesupport_fastrtps_c;rosidl_typesupport_introspection_c
[0.431s] -- Using all available rosidl_typesupport_cpp: rosidl_typesupport_fastrtps_cpp;rosidl_typesupport_introspection_cpp
[0.477s] -- Found rmw_implementation_cmake: 6.1.2 (/opt/ros/humble/share/rmw_implementation_cmake/cmake)
[0.480s] -- Found rmw_fastrtps_cpp: 6.2.6 (/opt/ros/humble/share/rmw_fastrtps_cpp/cmake)
[0.553s] -- Found OpenSSL: /usr/lib/x86_64-linux-gnu/libcrypto.so (found version "3.0.2")  
[0.574s] -- Found FastRTPS: /opt/ros/humble/include  
[0.610s] -- Using RMW implementation 'rmw_fastrtps_cpp' as default
[0.619s] -- Looking for pthread.h
[0.667s] -- Looking for pthread.h - found
[0.667s] -- Performing Test CMAKE_HAVE_LIBC_PTHREAD
[0.715s] -- Performing Test CMAKE_HAVE_LIBC_PTHREAD - Success
[0.716s] -- Found Threads: TRUE  
[1.061s] -- Found ament_lint_auto: 0.12.11 (/opt/ros/humble/share/ament_lint_auto/cmake)
[1.087s] -- Added test 'cppcheck' to perform static code analysis on C / C++ code
[1.087s] -- Configured cppcheck include dirs: /home/legit0108/Robohan/Tourobo2024ROS2_omni_sim/include
[1.087s] -- Configured cppcheck exclude dirs and/or files: 
[1.088s] -- Added test 'flake8' to check Python code syntax and style conventions
[1.090s] -- Added test 'lint_cmake' to check CMake code style
[1.092s] -- Added test 'pep257' to check Python code against some of the docstring style conventions in PEP 257
[1.100s] -- Added test 'uncrustify' to check C / C++ code style
[1.100s] -- Configured uncrustify additional arguments: 
[1.101s] -- Added test 'xmllint' to check XML markup files
[1.103s] -- Configuring done
[1.112s] -- Generating done
[1.113s] -- Build files have been written to: /home/legit0108/Robohan/Tourobo2024ROS2_omni_sim/build/omni_sim
[1.122s] Invoked command in '/home/legit0108/Robohan/Tourobo2024ROS2_omni_sim/build/omni_sim' returned '0': CMAKE_PREFIX_PATH=${CMAKE_PREFIX_PATH}:/opt/ros/humble /usr/bin/cmake /home/legit0108/Robohan/Tourobo2024ROS2_omni_sim -DAMENT_CMAKE_SYMLINK_INSTALL=1 -DCMAKE_INSTALL_PREFIX=/home/legit0108/Robohan/Tourobo2024ROS2_omni_sim/install/omni_sim
[1.123s] Invoking command in '/home/legit0108/Robohan/Tourobo2024ROS2_omni_sim/build/omni_sim': CMAKE_PREFIX_PATH=${CMAKE_PREFIX_PATH}:/opt/ros/humble /usr/bin/cmake --build /home/legit0108/Robohan/Tourobo2024ROS2_omni_sim/build/omni_sim -- -j16 -l16
[1.160s] [ 25%] [32mBuilding CXX object CMakeFiles/omni_control.dir/src/omni_robot_controller.cpp.o[0m
[5.410s] [ 50%] [32m[1mLinking CXX shared library libomni_control.so[0m
[5.631s] [ 50%] Built target omni_control
[5.646s] [ 75%] [32mBuilding CXX object CMakeFiles/odom_tf_converter.dir/src/odom_tf_converter.cpp.o[0m
[9.833s] [100%] [32m[1mLinking CXX shared library libodom_tf_converter.so[0m
[10.054s] [100%] Built target odom_tf_converter
[10.062s] Invoked command in '/home/legit0108/Robohan/Tourobo2024ROS2_omni_sim/build/omni_sim' returned '0': CMAKE_PREFIX_PATH=${CMAKE_PREFIX_PATH}:/opt/ros/humble /usr/bin/cmake --build /home/legit0108/Robohan/Tourobo2024ROS2_omni_sim/build/omni_sim -- -j16 -l16
[10.092s] Invoking command in '/home/legit0108/Robohan/Tourobo2024ROS2_omni_sim/build/omni_sim': CMAKE_PREFIX_PATH=${CMAKE_PREFIX_PATH}:/opt/ros/humble /usr/bin/cmake --install /home/legit0108/Robohan/Tourobo2024ROS2_omni_sim/build/omni_sim
[10.097s] -- Install configuration: ""
[10.097s] -- Execute custom install script
[10.097s] -- Up-to-date symlink: /home/legit0108/Robohan/Tourobo2024ROS2_omni_sim/install/omni_sim/share/omni_sim/launch/omni_robot.launch.xml
[10.097s] -- Up-to-date symlink: /home/legit0108/Robohan/Tourobo2024ROS2_omni_sim/install/omni_sim/share/omni_sim/config/omni_sim.yaml
[10.097s] -- Up-to-date symlink: /home/legit0108/Robohan/Tourobo2024ROS2_omni_sim/install/omni_sim/share/omni_sim/xacro/control_macro.xacro
[10.097s] -- Up-to-date symlink: /home/legit0108/Robohan/Tourobo2024ROS2_omni_sim/install/omni_sim/share/omni_sim/xacro/omni_robot.xacro
[10.098s] -- Up-to-date symlink: /home/legit0108/Robohan/Tourobo2024ROS2_omni_sim/install/omni_sim/share/omni_sim/xacro/sensor_macro.xacro
[10.098s] -- Up-to-date symlink: /home/legit0108/Robohan/Tourobo2024ROS2_omni_sim/install/omni_sim/share/omni_sim/xacro/wheel_macro.xacro
[10.098s] -- Up-to-date symlink: /home/legit0108/Robohan/Tourobo2024ROS2_omni_sim/install/omni_sim/share/omni_sim/world/tourobo_field.world
[10.098s] -- Up-to-date symlink: /home/legit0108/Robohan/Tourobo2024ROS2_omni_sim/install/omni_sim/include/omni_sim/odom_tf_converter.hpp
[10.098s] -- Up-to-date symlink: /home/legit0108/Robohan/Tourobo2024ROS2_omni_sim/install/omni_sim/include/omni_sim/omni_robot_controller.hpp
[10.098s] -- Up-to-date symlink: /home/legit0108/Robohan/Tourobo2024ROS2_omni_sim/install/omni_sim/share/omni_sim/environment/library_path.sh
[10.098s] -- Up-to-date symlink: /home/legit0108/Robohan/Tourobo2024ROS2_omni_sim/install/omni_sim/share/omni_sim/environment/library_path.dsv
[10.098s] -- Up-to-date symlink: /home/legit0108/Robohan/Tourobo2024ROS2_omni_sim/install/omni_sim/lib/libomni_control.so
[10.098s] -- Up-to-date symlink: /home/legit0108/Robohan/Tourobo2024ROS2_omni_sim/install/omni_sim/lib/libodom_tf_converter.so
[10.098s] -- Up-to-date symlink: /home/legit0108/Robohan/Tourobo2024ROS2_omni_sim/install/omni_sim/share/ament_index/resource_index/package_run_dependencies/omni_sim
[10.098s] -- Up-to-date symlink: /home/legit0108/Robohan/Tourobo2024ROS2_omni_sim/install/omni_sim/share/ament_index/resource_index/parent_prefix_path/omni_sim
[10.099s] -- Up-to-date symlink: /home/legit0108/Robohan/Tourobo2024ROS2_omni_sim/install/omni_sim/share/omni_sim/environment/ament_prefix_path.sh
[10.099s] -- Up-to-date symlink: /home/legit0108/Robohan/Tourobo2024ROS2_omni_sim/install/omni_sim/share/omni_sim/environment/ament_prefix_path.dsv
[10.099s] -- Up-to-date symlink: /home/legit0108/Robohan/Tourobo2024ROS2_omni_sim/install/omni_sim/share/omni_sim/environment/path.sh
[10.099s] -- Up-to-date symlink: /home/legit0108/Robohan/Tourobo2024ROS2_omni_sim/install/omni_sim/share/omni_sim/environment/path.dsv
[10.099s] -- Up-to-date symlink: /home/legit0108/Robohan/Tourobo2024ROS2_omni_sim/install/omni_sim/share/omni_sim/local_setup.bash
[10.099s] -- Up-to-date symlink: /home/legit0108/Robohan/Tourobo2024ROS2_omni_sim/install/omni_sim/share/omni_sim/local_setup.sh
[10.099s] -- Up-to-date symlink: /home/legit0108/Robohan/Tourobo2024ROS2_omni_sim/install/omni_sim/share/omni_sim/local_setup.zsh
[10.099s] -- Up-to-date symlink: /home/legit0108/Robohan/Tourobo2024ROS2_omni_sim/install/omni_sim/share/omni_sim/local_setup.dsv
[10.099s] -- Symlinking: /home/legit0108/Robohan/Tourobo2024ROS2_omni_sim/install/omni_sim/share/omni_sim/package.dsv
[10.105s] -- Up-to-date symlink: /home/legit0108/Robohan/Tourobo2024ROS2_omni_sim/install/omni_sim/share/ament_index/resource_index/packages/omni_sim
[10.105s] -- Up-to-date symlink: /home/legit0108/Robohan/Tourobo2024ROS2_omni_sim/install/omni_sim/share/ament_index/resource_index/rclcpp_components/omni_sim
[10.105s] -- Up-to-date symlink: /home/legit0108/Robohan/Tourobo2024ROS2_omni_sim/install/omni_sim/share/omni_sim/cmake/ament_cmake_export_dependencies-extras.cmake
[10.106s] -- Up-to-date symlink: /home/legit0108/Robohan/Tourobo2024ROS2_omni_sim/install/omni_sim/share/omni_sim/cmake/ament_cmake_export_include_directories-extras.cmake
[10.106s] -- Up-to-date symlink: /home/legit0108/Robohan/Tourobo2024ROS2_omni_sim/install/omni_sim/share/omni_sim/cmake/ament_cmake_export_libraries-extras.cmake
[10.106s] -- Up-to-date symlink: /home/legit0108/Robohan/Tourobo2024ROS2_omni_sim/install/omni_sim/share/omni_sim/cmake/omni_simConfig.cmake
[10.106s] -- Up-to-date symlink: /home/legit0108/Robohan/Tourobo2024ROS2_omni_sim/install/omni_sim/share/omni_sim/cmake/omni_simConfig-version.cmake
[10.106s] -- Up-to-date symlink: /home/legit0108/Robohan/Tourobo2024ROS2_omni_sim/install/omni_sim/share/omni_sim/package.xml
[10.107s] Invoked command in '/home/legit0108/Robohan/Tourobo2024ROS2_omni_sim/build/omni_sim' returned '0': CMAKE_PREFIX_PATH=${CMAKE_PREFIX_PATH}:/opt/ros/humble /usr/bin/cmake --install /home/legit0108/Robohan/Tourobo2024ROS2_omni_sim/build/omni_sim
