[0.006s] Invoking command in '/home/robohan/Tourobo2024/Tourobo2024ROS2_omni_sim/build/omni_sim': /usr/bin/cmake --build /home/robohan/Tourobo2024/Tourobo2024ROS2_omni_sim/build/omni_sim -- -j12 -l12
[0.116s] [ 50%] Built target omni_control
[0.137s] [100%] Built target odom_tf_converter
[0.144s] Invoked command in '/home/robohan/Tourobo2024/Tourobo2024ROS2_omni_sim/build/omni_sim' returned '0': /usr/bin/cmake --build /home/robohan/Tourobo2024/Tourobo2024ROS2_omni_sim/build/omni_sim -- -j12 -l12
[0.173s] Invoking command in '/home/robohan/Tourobo2024/Tourobo2024ROS2_omni_sim/build/omni_sim': /usr/bin/cmake --install /home/robohan/Tourobo2024/Tourobo2024ROS2_omni_sim/build/omni_sim
[0.176s] -- Install configuration: ""
[0.177s] -- Execute custom install script
[0.177s] -- Up-to-date symlink: /home/robohan/Tourobo2024/Tourobo2024ROS2_omni_sim/install/omni_sim/share/omni_sim/launch/omni_robot.launch.xml
[0.177s] -- Up-to-date symlink: /home/robohan/Tourobo2024/Tourobo2024ROS2_omni_sim/install/omni_sim/share/omni_sim/config/omni_sim.yaml
[0.178s] -- Up-to-date symlink: /home/robohan/Tourobo2024/Tourobo2024ROS2_omni_sim/install/omni_sim/share/omni_sim/xacro/control_macro.xacro
[0.178s] -- Up-to-date symlink: /home/robohan/Tourobo2024/Tourobo2024ROS2_omni_sim/install/omni_sim/share/omni_sim/xacro/omni_robot.xacro
[0.178s] -- Up-to-date symlink: /home/robohan/Tourobo2024/Tourobo2024ROS2_omni_sim/install/omni_sim/share/omni_sim/xacro/sensor_macro.xacro
[0.178s] -- Up-to-date symlink: /home/robohan/Tourobo2024/Tourobo2024ROS2_omni_sim/install/omni_sim/share/omni_sim/xacro/wheel_macro.xacro
[0.178s] -- Up-to-date symlink: /home/robohan/Tourobo2024/Tourobo2024ROS2_omni_sim/install/omni_sim/share/omni_sim/world/tourobo_field.world
[0.179s] -- Up-to-date symlink: /home/robohan/Tourobo2024/Tourobo2024ROS2_omni_sim/install/omni_sim/include/omni_sim/odom_tf_converter.hpp
[0.179s] -- Up-to-date symlink: /home/robohan/Tourobo2024/Tourobo2024ROS2_omni_sim/install/omni_sim/include/omni_sim/omni_robot_controller.hpp
[0.179s] -- Up-to-date symlink: /home/robohan/Tourobo2024/Tourobo2024ROS2_omni_sim/install/omni_sim/share/omni_sim/environment/library_path.sh
[0.179s] -- Up-to-date symlink: /home/robohan/Tourobo2024/Tourobo2024ROS2_omni_sim/install/omni_sim/share/omni_sim/environment/library_path.dsv
[0.180s] -- Up-to-date symlink: /home/robohan/Tourobo2024/Tourobo2024ROS2_omni_sim/install/omni_sim/lib/libomni_control.so
[0.180s] -- Up-to-date symlink: /home/robohan/Tourobo2024/Tourobo2024ROS2_omni_sim/install/omni_sim/lib/libodom_tf_converter.so
[0.180s] -- Up-to-date symlink: /home/robohan/Tourobo2024/Tourobo2024ROS2_omni_sim/install/omni_sim/share/ament_index/resource_index/package_run_dependencies/omni_sim
[0.180s] -- Up-to-date symlink: /home/robohan/Tourobo2024/Tourobo2024ROS2_omni_sim/install/omni_sim/share/ament_index/resource_index/parent_prefix_path/omni_sim
[0.180s] -- Up-to-date symlink: /home/robohan/Tourobo2024/Tourobo2024ROS2_omni_sim/install/omni_sim/share/omni_sim/environment/ament_prefix_path.sh
[0.181s] -- Up-to-date symlink: /home/robohan/Tourobo2024/Tourobo2024ROS2_omni_sim/install/omni_sim/share/omni_sim/environment/ament_prefix_path.dsv
[0.181s] -- Up-to-date symlink: /home/robohan/Tourobo2024/Tourobo2024ROS2_omni_sim/install/omni_sim/share/omni_sim/environment/path.sh
[0.181s] -- Up-to-date symlink: /home/robohan/Tourobo2024/Tourobo2024ROS2_omni_sim/install/omni_sim/share/omni_sim/environment/path.dsv
[0.181s] -- Up-to-date symlink: /home/robohan/Tourobo2024/Tourobo2024ROS2_omni_sim/install/omni_sim/share/omni_sim/local_setup.bash
[0.182s] -- Up-to-date symlink: /home/robohan/Tourobo2024/Tourobo2024ROS2_omni_sim/install/omni_sim/share/omni_sim/local_setup.sh
[0.182s] -- Up-to-date symlink: /home/robohan/Tourobo2024/Tourobo2024ROS2_omni_sim/install/omni_sim/share/omni_sim/local_setup.zsh
[0.182s] -- Up-to-date symlink: /home/robohan/Tourobo2024/Tourobo2024ROS2_omni_sim/install/omni_sim/share/omni_sim/local_setup.dsv
[0.182s] -- Symlinking: /home/robohan/Tourobo2024/Tourobo2024ROS2_omni_sim/install/omni_sim/share/omni_sim/package.dsv
[0.185s] -- Up-to-date symlink: /home/robohan/Tourobo2024/Tourobo2024ROS2_omni_sim/install/omni_sim/share/ament_index/resource_index/packages/omni_sim
[0.185s] -- Up-to-date symlink: /home/robohan/Tourobo2024/Tourobo2024ROS2_omni_sim/install/omni_sim/share/ament_index/resource_index/rclcpp_components/omni_sim
[0.185s] -- Up-to-date symlink: /home/robohan/Tourobo2024/Tourobo2024ROS2_omni_sim/install/omni_sim/share/omni_sim/cmake/ament_cmake_export_dependencies-extras.cmake
[0.185s] -- Up-to-date symlink: /home/robohan/Tourobo2024/Tourobo2024ROS2_omni_sim/install/omni_sim/share/omni_sim/cmake/ament_cmake_export_include_directories-extras.cmake
[0.185s] -- Up-to-date symlink: /home/robohan/Tourobo2024/Tourobo2024ROS2_omni_sim/install/omni_sim/share/omni_sim/cmake/ament_cmake_export_libraries-extras.cmake
[0.186s] -- Up-to-date symlink: /home/robohan/Tourobo2024/Tourobo2024ROS2_omni_sim/install/omni_sim/share/omni_sim/cmake/omni_simConfig.cmake
[0.186s] -- Up-to-date symlink: /home/robohan/Tourobo2024/Tourobo2024ROS2_omni_sim/install/omni_sim/share/omni_sim/cmake/omni_simConfig-version.cmake
[0.186s] -- Up-to-date symlink: /home/robohan/Tourobo2024/Tourobo2024ROS2_omni_sim/install/omni_sim/share/omni_sim/package.xml
[0.187s] Invoked command in '/home/robohan/Tourobo2024/Tourobo2024ROS2_omni_sim/build/omni_sim' returned '0': /usr/bin/cmake --install /home/robohan/Tourobo2024/Tourobo2024ROS2_omni_sim/build/omni_sim
