[0.006s] Invoking command in '/home/robohan/Tourobo2024/Tourobo2024ROS2_omni_sim/build/omni_sim': CMAKE_PREFIX_PATH=${CMAKE_PREFIX_PATH}:/opt/ros/humble /usr/bin/cmake /home/robohan/Tourobo2024/Tourobo2024ROS2_omni_sim -DAMENT_CMAKE_SYMLINK_INSTALL=1 -DCMAKE_INSTALL_PREFIX=/home/robohan/Tourobo2024/Tourobo2024ROS2_omni_sim/install/omni_sim
[0.041s] -- The C compiler identification is GNU 11.4.0
[0.076s] -- The CXX compiler identification is GNU 11.4.0
[0.084s] -- Detecting C compiler ABI info
[0.129s] -- Detecting C compiler ABI info - done
[0.134s] -- Check for working C compiler: /usr/bin/cc - skipped
[0.134s] -- Detecting C compile features
[0.135s] -- Detecting C compile features - done
[0.137s] -- Detecting CXX compiler ABI info
[0.184s] -- Detecting CXX compiler ABI info - done
[0.192s] -- Check for working CXX compiler: /usr/bin/c++ - skipped
[0.192s] -- Detecting CXX compile features
[0.193s] -- Detecting CXX compile features - done
[0.195s] -- Found ament_cmake_auto: 1.3.9 (/opt/ros/humble/share/ament_cmake_auto/cmake)
[0.271s] -- Found Python3: /usr/bin/python3 (found version "3.10.12") found components: Interpreter 
[0.316s] -- Override CMake install command with custom implementation using symlinks instead of copying resources
[0.396s] -- Found rosidl_generator_c: 3.1.5 (/opt/ros/humble/share/rosidl_generator_c/cmake)
[0.399s] -- Found rosidl_adapter: 3.1.5 (/opt/ros/humble/share/rosidl_adapter/cmake)
[0.404s] -- Found rosidl_generator_cpp: 3.1.5 (/opt/ros/humble/share/rosidl_generator_cpp/cmake)
[0.411s] -- Using all available rosidl_typesupport_c: rosidl_typesupport_fastrtps_c;rosidl_typesupport_introspection_c
[0.423s] -- Using all available rosidl_typesupport_cpp: rosidl_typesupport_fastrtps_cpp;rosidl_typesupport_introspection_cpp
[0.463s] -- Found rmw_implementation_cmake: 6.1.2 (/opt/ros/humble/share/rmw_implementation_cmake/cmake)
[0.464s] -- Found rmw_fastrtps_cpp: 6.2.6 (/opt/ros/humble/share/rmw_fastrtps_cpp/cmake)
[0.529s] -- Found OpenSSL: /usr/lib/x86_64-linux-gnu/libcrypto.so (found version "3.0.2")  
[0.550s] -- Found FastRTPS: /opt/ros/humble/include  
[0.581s] -- Using RMW implementation 'rmw_fastrtps_cpp' as default
[0.587s] -- Performing Test CMAKE_HAVE_LIBC_PTHREAD
[0.635s] -- Performing Test CMAKE_HAVE_LIBC_PTHREAD - Success
[0.636s] -- Found Threads: TRUE  
[1.017s] -- Found ament_lint_auto: 0.12.11 (/opt/ros/humble/share/ament_lint_auto/cmake)
[1.029s] -- Added test 'cppcheck' to perform static code analysis on C / C++ code
[1.029s] -- Configured cppcheck include dirs: /home/robohan/Tourobo2024/Tourobo2024ROS2_omni_sim/include
[1.029s] -- Configured cppcheck exclude dirs and/or files: 
[1.031s] -- Added test 'lint_cmake' to check CMake code style
[1.034s] -- Added test 'uncrustify' to check C / C++ code style
[1.034s] -- Configured uncrustify additional arguments: 
[1.034s] -- Added test 'xmllint' to check XML markup files
[1.036s] -- Configuring done
[1.045s] -- Generating done
[1.046s] -- Build files have been written to: /home/robohan/Tourobo2024/Tourobo2024ROS2_omni_sim/build/omni_sim
[1.052s] Invoked command in '/home/robohan/Tourobo2024/Tourobo2024ROS2_omni_sim/build/omni_sim' returned '0': CMAKE_PREFIX_PATH=${CMAKE_PREFIX_PATH}:/opt/ros/humble /usr/bin/cmake /home/robohan/Tourobo2024/Tourobo2024ROS2_omni_sim -DAMENT_CMAKE_SYMLINK_INSTALL=1 -DCMAKE_INSTALL_PREFIX=/home/robohan/Tourobo2024/Tourobo2024ROS2_omni_sim/install/omni_sim
[1.054s] Invoking command in '/home/robohan/Tourobo2024/Tourobo2024ROS2_omni_sim/build/omni_sim': CMAKE_PREFIX_PATH=${CMAKE_PREFIX_PATH}:/opt/ros/humble /usr/bin/cmake --build /home/robohan/Tourobo2024/Tourobo2024ROS2_omni_sim/build/omni_sim -- -j12 -l12
[1.077s] [ 25%] [32mBuilding CXX object CMakeFiles/omni_control.dir/src/omni_robot_controller.cpp.o[0m
[5.876s] [ 50%] [32m[1mLinking CXX shared library libomni_control.so[0m
[6.148s] [ 50%] Built target omni_control
[6.157s] [ 75%] [32mBuilding CXX object CMakeFiles/odom_tf_converter.dir/src/odom_tf_converter.cpp.o[0m
[10.880s] [100%] [32m[1mLinking CXX shared library libodom_tf_converter.so[0m
[11.145s] [100%] Built target odom_tf_converter
[11.150s] Invoked command in '/home/robohan/Tourobo2024/Tourobo2024ROS2_omni_sim/build/omni_sim' returned '0': CMAKE_PREFIX_PATH=${CMAKE_PREFIX_PATH}:/opt/ros/humble /usr/bin/cmake --build /home/robohan/Tourobo2024/Tourobo2024ROS2_omni_sim/build/omni_sim -- -j12 -l12
[11.174s] Invoking command in '/home/robohan/Tourobo2024/Tourobo2024ROS2_omni_sim/build/omni_sim': CMAKE_PREFIX_PATH=${CMAKE_PREFIX_PATH}:/opt/ros/humble /usr/bin/cmake --install /home/robohan/Tourobo2024/Tourobo2024ROS2_omni_sim/build/omni_sim
[11.177s] -- Install configuration: ""
[11.178s] -- Execute custom install script
[11.178s] -- Symlinking: /home/robohan/Tourobo2024/Tourobo2024ROS2_omni_sim/install/omni_sim/share/omni_sim/launch/omni_robot.launch.xml
[11.182s] -- Symlinking: /home/robohan/Tourobo2024/Tourobo2024ROS2_omni_sim/install/omni_sim/share/omni_sim/config/omni_sim.yaml
[11.185s] -- Symlinking: /home/robohan/Tourobo2024/Tourobo2024ROS2_omni_sim/install/omni_sim/share/omni_sim/xacro/control_macro.xacro
[11.188s] -- Symlinking: /home/robohan/Tourobo2024/Tourobo2024ROS2_omni_sim/install/omni_sim/share/omni_sim/xacro/omni_robot.xacro
[11.191s] -- Symlinking: /home/robohan/Tourobo2024/Tourobo2024ROS2_omni_sim/install/omni_sim/share/omni_sim/xacro/sensor_macro.xacro
[11.194s] -- Symlinking: /home/robohan/Tourobo2024/Tourobo2024ROS2_omni_sim/install/omni_sim/share/omni_sim/xacro/wheel_macro.xacro
[11.197s] -- Symlinking: /home/robohan/Tourobo2024/Tourobo2024ROS2_omni_sim/install/omni_sim/share/omni_sim/world/tourobo_field.world
[11.201s] -- Symlinking: /home/robohan/Tourobo2024/Tourobo2024ROS2_omni_sim/install/omni_sim/include/omni_sim/odom_tf_converter.hpp
[11.203s] -- Symlinking: /home/robohan/Tourobo2024/Tourobo2024ROS2_omni_sim/install/omni_sim/include/omni_sim/omni_robot_controller.hpp
[11.207s] -- Symlinking: /home/robohan/Tourobo2024/Tourobo2024ROS2_omni_sim/install/omni_sim/share/omni_sim/environment/library_path.sh
[11.211s] -- Symlinking: /home/robohan/Tourobo2024/Tourobo2024ROS2_omni_sim/install/omni_sim/share/omni_sim/environment/library_path.dsv
[11.214s] -- Symlinking: /home/robohan/Tourobo2024/Tourobo2024ROS2_omni_sim/install/omni_sim/lib/libomni_control.so
[11.217s] -- Symlinking: /home/robohan/Tourobo2024/Tourobo2024ROS2_omni_sim/install/omni_sim/lib/libodom_tf_converter.so
[11.221s] -- Symlinking: /home/robohan/Tourobo2024/Tourobo2024ROS2_omni_sim/install/omni_sim/share/ament_index/resource_index/package_run_dependencies/omni_sim
[11.225s] -- Symlinking: /home/robohan/Tourobo2024/Tourobo2024ROS2_omni_sim/install/omni_sim/share/ament_index/resource_index/parent_prefix_path/omni_sim
[11.228s] -- Symlinking: /home/robohan/Tourobo2024/Tourobo2024ROS2_omni_sim/install/omni_sim/share/omni_sim/environment/ament_prefix_path.sh
[11.231s] -- Symlinking: /home/robohan/Tourobo2024/Tourobo2024ROS2_omni_sim/install/omni_sim/share/omni_sim/environment/ament_prefix_path.dsv
[11.235s] -- Symlinking: /home/robohan/Tourobo2024/Tourobo2024ROS2_omni_sim/install/omni_sim/share/omni_sim/environment/path.sh
[11.238s] -- Symlinking: /home/robohan/Tourobo2024/Tourobo2024ROS2_omni_sim/install/omni_sim/share/omni_sim/environment/path.dsv
[11.241s] -- Symlinking: /home/robohan/Tourobo2024/Tourobo2024ROS2_omni_sim/install/omni_sim/share/omni_sim/local_setup.bash
[11.244s] -- Symlinking: /home/robohan/Tourobo2024/Tourobo2024ROS2_omni_sim/install/omni_sim/share/omni_sim/local_setup.sh
[11.247s] -- Symlinking: /home/robohan/Tourobo2024/Tourobo2024ROS2_omni_sim/install/omni_sim/share/omni_sim/local_setup.zsh
[11.250s] -- Symlinking: /home/robohan/Tourobo2024/Tourobo2024ROS2_omni_sim/install/omni_sim/share/omni_sim/local_setup.dsv
[11.253s] -- Symlinking: /home/robohan/Tourobo2024/Tourobo2024ROS2_omni_sim/install/omni_sim/share/omni_sim/package.dsv
[11.256s] -- Symlinking: /home/robohan/Tourobo2024/Tourobo2024ROS2_omni_sim/install/omni_sim/share/ament_index/resource_index/packages/omni_sim
[11.259s] -- Symlinking: /home/robohan/Tourobo2024/Tourobo2024ROS2_omni_sim/install/omni_sim/share/ament_index/resource_index/rclcpp_components/omni_sim
[11.262s] -- Symlinking: /home/robohan/Tourobo2024/Tourobo2024ROS2_omni_sim/install/omni_sim/share/omni_sim/cmake/ament_cmake_export_dependencies-extras.cmake
[11.264s] -- Symlinking: /home/robohan/Tourobo2024/Tourobo2024ROS2_omni_sim/install/omni_sim/share/omni_sim/cmake/ament_cmake_export_include_directories-extras.cmake
[11.267s] -- Symlinking: /home/robohan/Tourobo2024/Tourobo2024ROS2_omni_sim/install/omni_sim/share/omni_sim/cmake/ament_cmake_export_libraries-extras.cmake
[11.270s] -- Symlinking: /home/robohan/Tourobo2024/Tourobo2024ROS2_omni_sim/install/omni_sim/share/omni_sim/cmake/omni_simConfig.cmake
[11.273s] -- Symlinking: /home/robohan/Tourobo2024/Tourobo2024ROS2_omni_sim/install/omni_sim/share/omni_sim/cmake/omni_simConfig-version.cmake
[11.276s] -- Symlinking: /home/robohan/Tourobo2024/Tourobo2024ROS2_omni_sim/install/omni_sim/share/omni_sim/package.xml
[11.279s] Invoked command in '/home/robohan/Tourobo2024/Tourobo2024ROS2_omni_sim/build/omni_sim' returned '0': CMAKE_PREFIX_PATH=${CMAKE_PREFIX_PATH}:/opt/ros/humble /usr/bin/cmake --install /home/robohan/Tourobo2024/Tourobo2024ROS2_omni_sim/build/omni_sim
