[0.006s] Invoking command in '/home/legit0108/Robohan/Tourobo2024ROS2_omni_sim/build/omni_sim': CMAKE_PREFIX_PATH=${CMAKE_PREFIX_PATH}:/opt/ros/humble /usr/bin/cmake --build /home/legit0108/Robohan/Tourobo2024ROS2_omni_sim/build/omni_sim -- -j16 -l16
[0.041s] [ 50%] Built target omni_control
[0.048s] [35m[1mConsolidate compiler generated dependencies of target odom_tf_converter[0m
[0.057s] [ 75%] [32mBuilding CXX object CMakeFiles/odom_tf_converter.dir/src/odom_tf_converter.cpp.o[0m
[1.214s] In file included from [01m[K/opt/ros/humble/include/rclcpp/rclcpp/logging.hpp:24[m[K,
[1.214s]                  from [01m[K/opt/ros/humble/include/rclcpp/rclcpp/client.hpp:40[m[K,
[1.214s]                  from [01m[K/opt/ros/humble/include/rclcpp/rclcpp/callback_group.hpp:24[m[K,
[1.214s]                  from [01m[K/opt/ros/humble/include/rclcpp/rclcpp/any_executable.hpp:20[m[K,
[1.214s]                  from [01m[K/opt/ros/humble/include/rclcpp/rclcpp/memory_strategy.hpp:25[m[K,
[1.214s]                  from [01m[K/opt/ros/humble/include/rclcpp/rclcpp/memory_strategies.hpp:18[m[K,
[1.214s]                  from [01m[K/opt/ros/humble/include/rclcpp/rclcpp/executor_options.hpp:20[m[K,
[1.214s]                  from [01m[K/opt/ros/humble/include/rclcpp/rclcpp/executor.hpp:37[m[K,
[1.214s]                  from [01m[K/opt/ros/humble/include/rclcpp/rclcpp/executors/multi_threaded_executor.hpp:25[m[K,
[1.214s]                  from [01m[K/opt/ros/humble/include/rclcpp/rclcpp/executors.hpp:21[m[K,
[1.214s]                  from [01m[K/opt/ros/humble/include/rclcpp/rclcpp/rclcpp.hpp:155[m[K,
[1.214s]                  from [01m[K/home/legit0108/Robohan/Tourobo2024ROS2_omni_sim/include/omni_sim/odom_tf_converter.hpp:4[m[K,
[1.214s]                  from [01m[K/home/legit0108/Robohan/Tourobo2024ROS2_omni_sim/src/odom_tf_converter.cpp:1[m[K:
[1.214s] [01m[K/home/legit0108/Robohan/Tourobo2024ROS2_omni_sim/src/odom_tf_converter.cpp:[m[K In member function ‘[01m[Kvoid OmniRobotController::OdomToTf::odomCallback(const Odometry&)[m[K’:
[1.214s] [01m[K/home/legit0108/Robohan/Tourobo2024ROS2_omni_sim/src/odom_tf_converter.cpp:24:40:[m[K [01;35m[Kwarning: [m[Kformat ‘[01m[K%s[m[K’ expects argument of type ‘[01m[Kchar*[m[K’, but argument 5 has type ‘[01m[Kconst _frame_id_type[m[K’ {aka ‘[01m[Kconst std::__cxx11::basic_string<char>[m[K’} [[01;35m[K]8;;https://gcc.gnu.org/onlinedocs/gcc/Warning-Options.html#index-Wformat=-Wformat=]8;;[m[K]
[1.214s]    24 |         RCLCPP_INFO(this->get_logger(),[01;35m[K"parent: %s, child %s"[m[K,msg_.header.frame_id,msg_.child_frame_id);
[1.214s]       |                                        [01;35m[K^~~~~~~~~~~~~~~~~~~~~~[m[K
[1.214s] [01m[K/home/legit0108/Robohan/Tourobo2024ROS2_omni_sim/src/odom_tf_converter.cpp:24:50:[m[K [01;36m[Knote: [m[Kformat string is defined here
[1.214s]    24 |         RCLCPP_INFO(this->get_logger(),"parent: [01;36m[K%s[m[K, child %s",msg_.header.frame_id,msg_.child_frame_id);
[1.214s]       |                                                 [01;36m[K~^[m[K
[1.214s]       |                                                  [01;36m[K|[m[K
[1.214s]       |                                                  [01;36m[Kchar*[m[K
[1.214s] In file included from [01m[K/opt/ros/humble/include/rclcpp/rclcpp/logging.hpp:24[m[K,
[1.214s]                  from [01m[K/opt/ros/humble/include/rclcpp/rclcpp/client.hpp:40[m[K,
[1.214s]                  from [01m[K/opt/ros/humble/include/rclcpp/rclcpp/callback_group.hpp:24[m[K,
[1.214s]                  from [01m[K/opt/ros/humble/include/rclcpp/rclcpp/any_executable.hpp:20[m[K,
[1.214s]                  from [01m[K/opt/ros/humble/include/rclcpp/rclcpp/memory_strategy.hpp:25[m[K,
[1.214s]                  from [01m[K/opt/ros/humble/include/rclcpp/rclcpp/memory_strategies.hpp:18[m[K,
[1.214s]                  from [01m[K/opt/ros/humble/include/rclcpp/rclcpp/executor_options.hpp:20[m[K,
[1.214s]                  from [01m[K/opt/ros/humble/include/rclcpp/rclcpp/executor.hpp:37[m[K,
[1.215s]                  from [01m[K/opt/ros/humble/include/rclcpp/rclcpp/executors/multi_threaded_executor.hpp:25[m[K,
[1.215s]                  from [01m[K/opt/ros/humble/include/rclcpp/rclcpp/executors.hpp:21[m[K,
[1.215s]                  from [01m[K/opt/ros/humble/include/rclcpp/rclcpp/rclcpp.hpp:155[m[K,
[1.215s]                  from [01m[K/home/legit0108/Robohan/Tourobo2024ROS2_omni_sim/include/omni_sim/odom_tf_converter.hpp:4[m[K,
[1.215s]                  from [01m[K/home/legit0108/Robohan/Tourobo2024ROS2_omni_sim/src/odom_tf_converter.cpp:1[m[K:
[1.215s] [01m[K/home/legit0108/Robohan/Tourobo2024ROS2_omni_sim/src/odom_tf_converter.cpp:24:40:[m[K [01;35m[Kwarning: [m[Kformat ‘[01m[K%s[m[K’ expects argument of type ‘[01m[Kchar*[m[K’, but argument 6 has type ‘[01m[Kconst _child_frame_id_type[m[K’ {aka ‘[01m[Kconst std::__cxx11::basic_string<char>[m[K’} [[01;35m[K]8;;https://gcc.gnu.org/onlinedocs/gcc/Warning-Options.html#index-Wformat=-Wformat=]8;;[m[K]
[1.215s]    24 |         RCLCPP_INFO(this->get_logger(),[01;35m[K"parent: %s, child %s"[m[K,msg_.header.frame_id,msg_.child_frame_id);
[1.215s]       |                                        [01;35m[K^~~~~~~~~~~~~~~~~~~~~~[m[K
[1.215s] [01m[K/home/legit0108/Robohan/Tourobo2024ROS2_omni_sim/src/odom_tf_converter.cpp:24:60:[m[K [01;36m[Knote: [m[Kformat string is defined here
[1.215s]    24 |         RCLCPP_INFO(this->get_logger(),"parent: %s, child [01;36m[K%s[m[K",msg_.header.frame_id,msg_.child_frame_id);
[1.215s]       |                                                           [01;36m[K~^[m[K
[1.215s]       |                                                            [01;36m[K|[m[K
[1.215s]       |                                                            [01;36m[Kchar*[m[K
[4.169s] [100%] [32m[1mLinking CXX shared library libodom_tf_converter.so[0m
[4.376s] [100%] Built target odom_tf_converter
[4.383s] Invoked command in '/home/legit0108/Robohan/Tourobo2024ROS2_omni_sim/build/omni_sim' returned '0': CMAKE_PREFIX_PATH=${CMAKE_PREFIX_PATH}:/opt/ros/humble /usr/bin/cmake --build /home/legit0108/Robohan/Tourobo2024ROS2_omni_sim/build/omni_sim -- -j16 -l16
[4.405s] Invoking command in '/home/legit0108/Robohan/Tourobo2024ROS2_omni_sim/build/omni_sim': CMAKE_PREFIX_PATH=${CMAKE_PREFIX_PATH}:/opt/ros/humble /usr/bin/cmake --install /home/legit0108/Robohan/Tourobo2024ROS2_omni_sim/build/omni_sim
[4.408s] -- Install configuration: ""
[4.409s] -- Execute custom install script
[4.409s] -- Up-to-date symlink: /home/legit0108/Robohan/Tourobo2024ROS2_omni_sim/install/omni_sim/share/omni_sim/launch/omni_robot.launch.xml
[4.409s] -- Up-to-date symlink: /home/legit0108/Robohan/Tourobo2024ROS2_omni_sim/install/omni_sim/share/omni_sim/config/omni_sim.yaml
[4.409s] -- Up-to-date symlink: /home/legit0108/Robohan/Tourobo2024ROS2_omni_sim/install/omni_sim/share/omni_sim/xacro/control_macro.xacro
[4.409s] -- Up-to-date symlink: /home/legit0108/Robohan/Tourobo2024ROS2_omni_sim/install/omni_sim/share/omni_sim/xacro/omni_robot.xacro
[4.409s] -- Up-to-date symlink: /home/legit0108/Robohan/Tourobo2024ROS2_omni_sim/install/omni_sim/share/omni_sim/xacro/sensor_macro.xacro
[4.409s] -- Up-to-date symlink: /home/legit0108/Robohan/Tourobo2024ROS2_omni_sim/install/omni_sim/share/omni_sim/xacro/wheel_macro.xacro
[4.409s] -- Up-to-date symlink: /home/legit0108/Robohan/Tourobo2024ROS2_omni_sim/install/omni_sim/share/omni_sim/world/tourobo_field.world
[4.409s] -- Up-to-date symlink: /home/legit0108/Robohan/Tourobo2024ROS2_omni_sim/install/omni_sim/include/omni_sim/odom_tf_converter.hpp
[4.409s] -- Up-to-date symlink: /home/legit0108/Robohan/Tourobo2024ROS2_omni_sim/install/omni_sim/include/omni_sim/omni_robot_controller.hpp
[4.409s] -- Up-to-date symlink: /home/legit0108/Robohan/Tourobo2024ROS2_omni_sim/install/omni_sim/share/omni_sim/environment/library_path.sh
[4.410s] -- Up-to-date symlink: /home/legit0108/Robohan/Tourobo2024ROS2_omni_sim/install/omni_sim/share/omni_sim/environment/library_path.dsv
[4.410s] -- Up-to-date symlink: /home/legit0108/Robohan/Tourobo2024ROS2_omni_sim/install/omni_sim/lib/libomni_control.so
[4.410s] -- Up-to-date symlink: /home/legit0108/Robohan/Tourobo2024ROS2_omni_sim/install/omni_sim/lib/libodom_tf_converter.so
[4.410s] -- Up-to-date symlink: /home/legit0108/Robohan/Tourobo2024ROS2_omni_sim/install/omni_sim/share/ament_index/resource_index/package_run_dependencies/omni_sim
[4.410s] -- Up-to-date symlink: /home/legit0108/Robohan/Tourobo2024ROS2_omni_sim/install/omni_sim/share/ament_index/resource_index/parent_prefix_path/omni_sim
[4.410s] -- Up-to-date symlink: /home/legit0108/Robohan/Tourobo2024ROS2_omni_sim/install/omni_sim/share/omni_sim/environment/ament_prefix_path.sh
[4.410s] -- Up-to-date symlink: /home/legit0108/Robohan/Tourobo2024ROS2_omni_sim/install/omni_sim/share/omni_sim/environment/ament_prefix_path.dsv
[4.410s] -- Up-to-date symlink: /home/legit0108/Robohan/Tourobo2024ROS2_omni_sim/install/omni_sim/share/omni_sim/environment/path.sh
[4.410s] -- Up-to-date symlink: /home/legit0108/Robohan/Tourobo2024ROS2_omni_sim/install/omni_sim/share/omni_sim/environment/path.dsv
[4.410s] -- Up-to-date symlink: /home/legit0108/Robohan/Tourobo2024ROS2_omni_sim/install/omni_sim/share/omni_sim/local_setup.bash
[4.410s] -- Up-to-date symlink: /home/legit0108/Robohan/Tourobo2024ROS2_omni_sim/install/omni_sim/share/omni_sim/local_setup.sh
[4.410s] -- Up-to-date symlink: /home/legit0108/Robohan/Tourobo2024ROS2_omni_sim/install/omni_sim/share/omni_sim/local_setup.zsh
[4.411s] -- Up-to-date symlink: /home/legit0108/Robohan/Tourobo2024ROS2_omni_sim/install/omni_sim/share/omni_sim/local_setup.dsv
[4.411s] -- Symlinking: /home/legit0108/Robohan/Tourobo2024ROS2_omni_sim/install/omni_sim/share/omni_sim/package.dsv
[4.415s] -- Up-to-date symlink: /home/legit0108/Robohan/Tourobo2024ROS2_omni_sim/install/omni_sim/share/ament_index/resource_index/packages/omni_sim
[4.415s] -- Up-to-date symlink: /home/legit0108/Robohan/Tourobo2024ROS2_omni_sim/install/omni_sim/share/ament_index/resource_index/rclcpp_components/omni_sim
[4.415s] -- Up-to-date symlink: /home/legit0108/Robohan/Tourobo2024ROS2_omni_sim/install/omni_sim/share/omni_sim/cmake/ament_cmake_export_dependencies-extras.cmake
[4.415s] -- Up-to-date symlink: /home/legit0108/Robohan/Tourobo2024ROS2_omni_sim/install/omni_sim/share/omni_sim/cmake/ament_cmake_export_include_directories-extras.cmake
[4.416s] -- Up-to-date symlink: /home/legit0108/Robohan/Tourobo2024ROS2_omni_sim/install/omni_sim/share/omni_sim/cmake/ament_cmake_export_libraries-extras.cmake
[4.416s] -- Up-to-date symlink: /home/legit0108/Robohan/Tourobo2024ROS2_omni_sim/install/omni_sim/share/omni_sim/cmake/omni_simConfig.cmake
[4.416s] -- Up-to-date symlink: /home/legit0108/Robohan/Tourobo2024ROS2_omni_sim/install/omni_sim/share/omni_sim/cmake/omni_simConfig-version.cmake
[4.416s] -- Up-to-date symlink: /home/legit0108/Robohan/Tourobo2024ROS2_omni_sim/install/omni_sim/share/omni_sim/package.xml
[4.417s] Invoked command in '/home/legit0108/Robohan/Tourobo2024ROS2_omni_sim/build/omni_sim' returned '0': CMAKE_PREFIX_PATH=${CMAKE_PREFIX_PATH}:/opt/ros/humble /usr/bin/cmake --install /home/legit0108/Robohan/Tourobo2024ROS2_omni_sim/build/omni_sim
