[0.007s] Invoking command in '/home/legit0108/Robohan/Tourobo2024ROS2_omni_sim/build/omni_sim': CMAKE_PREFIX_PATH=${CMAKE_PREFIX_PATH}:/opt/ros/humble /usr/bin/cmake --build /home/legit0108/Robohan/Tourobo2024ROS2_omni_sim/build/omni_sim -- -j16 -l16
[0.042s] [ 50%] Built target omni_control
[0.049s] [35m[1mConsolidate compiler generated dependencies of target odom_tf_converter[0m
[0.059s] [ 75%] [32mBuilding CXX object CMakeFiles/odom_tf_converter.dir/src/odom_tf_converter.cpp.o[0m
[4.214s] [100%] [32m[1mLinking CXX shared library libodom_tf_converter.so[0m
[4.427s] [100%] Built target odom_tf_converter
[4.433s] Invoked command in '/home/legit0108/Robohan/Tourobo2024ROS2_omni_sim/build/omni_sim' returned '0': CMAKE_PREFIX_PATH=${CMAKE_PREFIX_PATH}:/opt/ros/humble /usr/bin/cmake --build /home/legit0108/Robohan/Tourobo2024ROS2_omni_sim/build/omni_sim -- -j16 -l16
[4.458s] Invoking command in '/home/legit0108/Robohan/Tourobo2024ROS2_omni_sim/build/omni_sim': CMAKE_PREFIX_PATH=${CMAKE_PREFIX_PATH}:/opt/ros/humble /usr/bin/cmake --install /home/legit0108/Robohan/Tourobo2024ROS2_omni_sim/build/omni_sim
[4.462s] -- Install configuration: ""
[4.462s] -- Execute custom install script
[4.462s] -- Up-to-date symlink: /home/legit0108/Robohan/Tourobo2024ROS2_omni_sim/install/omni_sim/share/omni_sim/launch/omni_robot.launch.xml
[4.463s] -- Up-to-date symlink: /home/legit0108/Robohan/Tourobo2024ROS2_omni_sim/install/omni_sim/share/omni_sim/config/omni_sim.yaml
[4.463s] -- Up-to-date symlink: /home/legit0108/Robohan/Tourobo2024ROS2_omni_sim/install/omni_sim/share/omni_sim/xacro/control_macro.xacro
[4.463s] -- Up-to-date symlink: /home/legit0108/Robohan/Tourobo2024ROS2_omni_sim/install/omni_sim/share/omni_sim/xacro/omni_robot.xacro
[4.463s] -- Up-to-date symlink: /home/legit0108/Robohan/Tourobo2024ROS2_omni_sim/install/omni_sim/share/omni_sim/xacro/sensor_macro.xacro
[4.463s] -- Up-to-date symlink: /home/legit0108/Robohan/Tourobo2024ROS2_omni_sim/install/omni_sim/share/omni_sim/xacro/wheel_macro.xacro
[4.463s] -- Up-to-date symlink: /home/legit0108/Robohan/Tourobo2024ROS2_omni_sim/install/omni_sim/share/omni_sim/world/tourobo_field.world
[4.463s] -- Up-to-date symlink: /home/legit0108/Robohan/Tourobo2024ROS2_omni_sim/install/omni_sim/include/omni_sim/odom_tf_converter.hpp
[4.463s] -- Up-to-date symlink: /home/legit0108/Robohan/Tourobo2024ROS2_omni_sim/install/omni_sim/include/omni_sim/omni_robot_controller.hpp
[4.463s] -- Up-to-date symlink: /home/legit0108/Robohan/Tourobo2024ROS2_omni_sim/install/omni_sim/share/omni_sim/environment/library_path.sh
[4.463s] -- Up-to-date symlink: /home/legit0108/Robohan/Tourobo2024ROS2_omni_sim/install/omni_sim/share/omni_sim/environment/library_path.dsv
[4.463s] -- Up-to-date symlink: /home/legit0108/Robohan/Tourobo2024ROS2_omni_sim/install/omni_sim/lib/libomni_control.so
[4.463s] -- Up-to-date symlink: /home/legit0108/Robohan/Tourobo2024ROS2_omni_sim/install/omni_sim/lib/libodom_tf_converter.so
[4.464s] -- Up-to-date symlink: /home/legit0108/Robohan/Tourobo2024ROS2_omni_sim/install/omni_sim/share/ament_index/resource_index/package_run_dependencies/omni_sim
[4.464s] -- Up-to-date symlink: /home/legit0108/Robohan/Tourobo2024ROS2_omni_sim/install/omni_sim/share/ament_index/resource_index/parent_prefix_path/omni_sim
[4.464s] -- Up-to-date symlink: /home/legit0108/Robohan/Tourobo2024ROS2_omni_sim/install/omni_sim/share/omni_sim/environment/ament_prefix_path.sh
[4.464s] -- Up-to-date symlink: /home/legit0108/Robohan/Tourobo2024ROS2_omni_sim/install/omni_sim/share/omni_sim/environment/ament_prefix_path.dsv
[4.464s] -- Up-to-date symlink: /home/legit0108/Robohan/Tourobo2024ROS2_omni_sim/install/omni_sim/share/omni_sim/environment/path.sh
[4.464s] -- Up-to-date symlink: /home/legit0108/Robohan/Tourobo2024ROS2_omni_sim/install/omni_sim/share/omni_sim/environment/path.dsv
[4.464s] -- Up-to-date symlink: /home/legit0108/Robohan/Tourobo2024ROS2_omni_sim/install/omni_sim/share/omni_sim/local_setup.bash
[4.464s] -- Up-to-date symlink: /home/legit0108/Robohan/Tourobo2024ROS2_omni_sim/install/omni_sim/share/omni_sim/local_setup.sh
[4.464s] -- Up-to-date symlink: /home/legit0108/Robohan/Tourobo2024ROS2_omni_sim/install/omni_sim/share/omni_sim/local_setup.zsh
[4.464s] -- Up-to-date symlink: /home/legit0108/Robohan/Tourobo2024ROS2_omni_sim/install/omni_sim/share/omni_sim/local_setup.dsv
[4.464s] -- Symlinking: /home/legit0108/Robohan/Tourobo2024ROS2_omni_sim/install/omni_sim/share/omni_sim/package.dsv
[4.469s] -- Up-to-date symlink: /home/legit0108/Robohan/Tourobo2024ROS2_omni_sim/install/omni_sim/share/ament_index/resource_index/packages/omni_sim
[4.469s] -- Up-to-date symlink: /home/legit0108/Robohan/Tourobo2024ROS2_omni_sim/install/omni_sim/share/ament_index/resource_index/rclcpp_components/omni_sim
[4.469s] -- Up-to-date symlink: /home/legit0108/Robohan/Tourobo2024ROS2_omni_sim/install/omni_sim/share/omni_sim/cmake/ament_cmake_export_dependencies-extras.cmake
[4.470s] -- Up-to-date symlink: /home/legit0108/Robohan/Tourobo2024ROS2_omni_sim/install/omni_sim/share/omni_sim/cmake/ament_cmake_export_include_directories-extras.cmake
[4.470s] -- Up-to-date symlink: /home/legit0108/Robohan/Tourobo2024ROS2_omni_sim/install/omni_sim/share/omni_sim/cmake/ament_cmake_export_libraries-extras.cmake
[4.470s] -- Up-to-date symlink: /home/legit0108/Robohan/Tourobo2024ROS2_omni_sim/install/omni_sim/share/omni_sim/cmake/omni_simConfig.cmake
[4.470s] -- Up-to-date symlink: /home/legit0108/Robohan/Tourobo2024ROS2_omni_sim/install/omni_sim/share/omni_sim/cmake/omni_simConfig-version.cmake
[4.470s] -- Up-to-date symlink: /home/legit0108/Robohan/Tourobo2024ROS2_omni_sim/install/omni_sim/share/omni_sim/package.xml
[4.471s] Invoked command in '/home/legit0108/Robohan/Tourobo2024ROS2_omni_sim/build/omni_sim' returned '0': CMAKE_PREFIX_PATH=${CMAKE_PREFIX_PATH}:/opt/ros/humble /usr/bin/cmake --install /home/legit0108/Robohan/Tourobo2024ROS2_omni_sim/build/omni_sim
