[0.064s] DEBUG:colcon:Command line arguments: ['/usr/bin/colcon', 'build', '--symlink-install']
[0.064s] DEBUG:colcon:Parsed command line arguments: Namespace(log_base=None, log_level=None, verb_name='build', build_base='build', install_base='install', merge_install=False, symlink_install=True, test_result_base=None, continue_on_error=False, executor='parallel', parallel_workers=12, event_handlers=None, ignore_user_meta=False, metas=['./colcon.meta'], base_paths=['.'], packages_ignore=None, packages_ignore_regex=None, paths=None, packages_up_to=None, packages_up_to_regex=None, packages_above=None, packages_above_and_dependencies=None, packages_above_depth=None, packages_select_by_dep=None, packages_skip_by_dep=None, packages_skip_up_to=None, packages_select_build_failed=False, packages_skip_build_finished=False, packages_select_test_failures=False, packages_skip_test_passed=False, packages_select=None, packages_skip=None, packages_select_regex=None, packages_skip_regex=None, packages_start=None, packages_end=None, allow_overriding=[], lookup_in_workspace=False, cargo_args=None, clean_build=False, cmake_args=None, cmake_target=None, cmake_target_skip_unavailable=False, cmake_clean_cache=False, cmake_clean_first=False, cmake_force_configure=False, ament_cmake_args=None, catkin_cmake_args=None, catkin_skip_building_tests=False, mixin_files=None, mixin=None, verb_parser=<colcon_mixin.mixin.mixin_argument.MixinArgumentDecorator object at 0x718414343190>, verb_extension=<colcon_core.verb.build.BuildVerb object at 0x718414342c50>, main=<bound method BuildVerb.main of <colcon_core.verb.build.BuildVerb object at 0x718414342c50>>, mixin_verb=('build',))
[0.172s] Level 1:colcon.colcon_core.package_discovery:discover_packages(colcon_meta) check parameters
[0.172s] Level 1:colcon.colcon_core.package_discovery:discover_packages(recursive) check parameters
[0.172s] Level 1:colcon.colcon_core.package_discovery:discover_packages(ignore) check parameters
[0.172s] Level 1:colcon.colcon_core.package_discovery:discover_packages(path) check parameters
[0.172s] Level 1:colcon.colcon_core.package_discovery:discover_packages(colcon_meta) discover
[0.172s] Level 1:colcon.colcon_core.package_discovery:discover_packages(recursive) discover
[0.172s] INFO:colcon.colcon_core.package_discovery:Crawling recursively for packages in '/home/robohan/Tourobo2024/Tourobo2024ROS2_omni_sim'
[0.172s] Level 1:colcon.colcon_core.package_identification:_identify(.) by extensions ['ignore', 'ignore_ament_install']
[0.172s] Level 1:colcon.colcon_core.package_identification:_identify(.) by extension 'ignore'
[0.172s] Level 1:colcon.colcon_core.package_identification:_identify(.) by extension 'ignore_ament_install'
[0.172s] Level 1:colcon.colcon_core.package_identification:_identify(.) by extensions ['colcon_pkg']
[0.172s] Level 1:colcon.colcon_core.package_identification:_identify(.) by extension 'colcon_pkg'
[0.172s] Level 1:colcon.colcon_core.package_identification:_identify(.) by extensions ['colcon_meta']
[0.172s] Level 1:colcon.colcon_core.package_identification:_identify(.) by extension 'colcon_meta'
[0.172s] Level 1:colcon.colcon_core.package_identification:_identify(.) by extensions ['ament_cargo']
[0.172s] Level 1:colcon.colcon_core.package_identification:_identify(.) by extension 'ament_cargo'
[0.172s] Level 1:colcon.colcon_core.package_identification:_identify(.) by extensions ['ros']
[0.172s] Level 1:colcon.colcon_core.package_identification:_identify(.) by extension 'ros'
[0.180s] DEBUG:colcon.colcon_core.package_identification:Package '.' with type 'ros.ament_cmake' and name 'omni_sim'
[0.180s] Level 1:colcon.colcon_core.package_discovery:discover_packages(recursive) using defaults
[0.180s] Level 1:colcon.colcon_core.package_discovery:discover_packages(ignore) discover
[0.180s] Level 1:colcon.colcon_core.package_discovery:discover_packages(ignore) using defaults
[0.180s] Level 1:colcon.colcon_core.package_discovery:discover_packages(path) discover
[0.180s] Level 1:colcon.colcon_core.package_discovery:discover_packages(path) using defaults
[0.197s] Level 1:colcon.colcon_core.package_discovery:discover_packages(prefix_path) check parameters
[0.198s] Level 1:colcon.colcon_core.package_discovery:discover_packages(prefix_path) discover
[0.200s] DEBUG:colcon.colcon_installed_package_information.package_discovery:Found 1 installed packages in /home/robohan/Tourobo2024/Tourobo2024ROS2_omni_sim/install
[0.200s] DEBUG:colcon.colcon_installed_package_information.package_discovery:Found 348 installed packages in /opt/ros/humble
[0.201s] Level 1:colcon.colcon_core.package_discovery:discover_packages(prefix_path) using defaults
[0.223s] Level 5:colcon.colcon_core.verb:set package 'omni_sim' build argument 'lookup_in_workspace' from command line to 'False'
[0.223s] Level 5:colcon.colcon_core.verb:set package 'omni_sim' build argument 'cargo_args' from command line to 'None'
[0.223s] Level 5:colcon.colcon_core.verb:set package 'omni_sim' build argument 'clean_build' from command line to 'False'
[0.223s] Level 5:colcon.colcon_core.verb:set package 'omni_sim' build argument 'cmake_args' from command line to 'None'
[0.223s] Level 5:colcon.colcon_core.verb:set package 'omni_sim' build argument 'cmake_target' from command line to 'None'
[0.223s] Level 5:colcon.colcon_core.verb:set package 'omni_sim' build argument 'cmake_target_skip_unavailable' from command line to 'False'
[0.223s] Level 5:colcon.colcon_core.verb:set package 'omni_sim' build argument 'cmake_clean_cache' from command line to 'False'
[0.223s] Level 5:colcon.colcon_core.verb:set package 'omni_sim' build argument 'cmake_clean_first' from command line to 'False'
[0.223s] Level 5:colcon.colcon_core.verb:set package 'omni_sim' build argument 'cmake_force_configure' from command line to 'False'
[0.223s] Level 5:colcon.colcon_core.verb:set package 'omni_sim' build argument 'ament_cmake_args' from command line to 'None'
[0.223s] Level 5:colcon.colcon_core.verb:set package 'omni_sim' build argument 'catkin_cmake_args' from command line to 'None'
[0.223s] Level 5:colcon.colcon_core.verb:set package 'omni_sim' build argument 'catkin_skip_building_tests' from command line to 'False'
[0.223s] DEBUG:colcon.colcon_core.verb:Building package 'omni_sim' with the following arguments: {'ament_cmake_args': None, 'build_base': '/home/robohan/Tourobo2024/Tourobo2024ROS2_omni_sim/build/omni_sim', 'cargo_args': None, 'catkin_cmake_args': None, 'catkin_skip_building_tests': False, 'clean_build': False, 'cmake_args': None, 'cmake_clean_cache': False, 'cmake_clean_first': False, 'cmake_force_configure': False, 'cmake_target': None, 'cmake_target_skip_unavailable': False, 'install_base': '/home/robohan/Tourobo2024/Tourobo2024ROS2_omni_sim/install/omni_sim', 'lookup_in_workspace': False, 'merge_install': False, 'path': '/home/robohan/Tourobo2024/Tourobo2024ROS2_omni_sim', 'symlink_install': True, 'test_result_base': None}
[0.223s] INFO:colcon.colcon_core.executor:Executing jobs using 'parallel' executor
[0.224s] DEBUG:colcon.colcon_parallel_executor.executor.parallel:run_until_complete
[0.224s] INFO:colcon.colcon_ros.task.ament_cmake.build:Building ROS package in '/home/robohan/Tourobo2024/Tourobo2024ROS2_omni_sim' with build type 'ament_cmake'
[0.224s] INFO:colcon.colcon_cmake.task.cmake.build:Building CMake package in '/home/robohan/Tourobo2024/Tourobo2024ROS2_omni_sim'
[0.225s] INFO:colcon.colcon_core.plugin_system:Skipping extension 'colcon_core.shell.bat': Not used on non-Windows systems
[0.225s] INFO:colcon.colcon_core.shell:Skip shell extension 'powershell' for command environment: Not usable outside of PowerShell
[0.225s] DEBUG:colcon.colcon_core.shell:Skip shell extension 'dsv' for command environment
[0.232s] DEBUG:colcon.colcon_core.event_handler.log_command:Invoking command in '/home/robohan/Tourobo2024/Tourobo2024ROS2_omni_sim/build/omni_sim': CMAKE_PREFIX_PATH=${CMAKE_PREFIX_PATH}:/opt/ros/humble /usr/bin/cmake --build /home/robohan/Tourobo2024/Tourobo2024ROS2_omni_sim/build/omni_sim -- -j12 -l12
[0.285s] DEBUG:colcon.colcon_core.event_handler.log_command:Invoked command in '/home/robohan/Tourobo2024/Tourobo2024ROS2_omni_sim/build/omni_sim' returned '0': CMAKE_PREFIX_PATH=${CMAKE_PREFIX_PATH}:/opt/ros/humble /usr/bin/cmake --build /home/robohan/Tourobo2024/Tourobo2024ROS2_omni_sim/build/omni_sim -- -j12 -l12
[0.320s] DEBUG:colcon.colcon_core.event_handler.log_command:Invoking command in '/home/robohan/Tourobo2024/Tourobo2024ROS2_omni_sim/build/omni_sim': CMAKE_PREFIX_PATH=${CMAKE_PREFIX_PATH}:/opt/ros/humble /usr/bin/cmake --install /home/robohan/Tourobo2024/Tourobo2024ROS2_omni_sim/build/omni_sim
[0.336s] Level 1:colcon.colcon_core.environment:create_environment_scripts_only(omni_sim)
[0.337s] DEBUG:colcon.colcon_core.event_handler.log_command:Invoked command in '/home/robohan/Tourobo2024/Tourobo2024ROS2_omni_sim/build/omni_sim' returned '0': CMAKE_PREFIX_PATH=${CMAKE_PREFIX_PATH}:/opt/ros/humble /usr/bin/cmake --install /home/robohan/Tourobo2024/Tourobo2024ROS2_omni_sim/build/omni_sim
[0.339s] Level 1:colcon.colcon_core.environment:checking '/home/robohan/Tourobo2024/Tourobo2024ROS2_omni_sim/install/omni_sim' for CMake module files
[0.339s] Level 1:colcon.colcon_core.environment:checking '/home/robohan/Tourobo2024/Tourobo2024ROS2_omni_sim/install/omni_sim' for CMake config files
[0.340s] Level 1:colcon.colcon_core.shell:create_environment_hook('omni_sim', 'cmake_prefix_path')
[0.340s] INFO:colcon.colcon_core.shell:Creating environment hook '/home/robohan/Tourobo2024/Tourobo2024ROS2_omni_sim/install/omni_sim/share/omni_sim/hook/cmake_prefix_path.ps1'
[0.340s] INFO:colcon.colcon_core.shell:Creating environment descriptor '/home/robohan/Tourobo2024/Tourobo2024ROS2_omni_sim/install/omni_sim/share/omni_sim/hook/cmake_prefix_path.dsv'
[0.341s] INFO:colcon.colcon_core.shell:Creating environment hook '/home/robohan/Tourobo2024/Tourobo2024ROS2_omni_sim/install/omni_sim/share/omni_sim/hook/cmake_prefix_path.sh'
[0.341s] Level 1:colcon.colcon_core.environment:checking '/home/robohan/Tourobo2024/Tourobo2024ROS2_omni_sim/install/omni_sim/lib'
[0.341s] Level 1:colcon.colcon_core.shell:create_environment_hook('omni_sim', 'ld_library_path_lib')
[0.341s] INFO:colcon.colcon_core.shell:Creating environment hook '/home/robohan/Tourobo2024/Tourobo2024ROS2_omni_sim/install/omni_sim/share/omni_sim/hook/ld_library_path_lib.ps1'
[0.342s] INFO:colcon.colcon_core.shell:Creating environment descriptor '/home/robohan/Tourobo2024/Tourobo2024ROS2_omni_sim/install/omni_sim/share/omni_sim/hook/ld_library_path_lib.dsv'
[0.342s] INFO:colcon.colcon_core.shell:Creating environment hook '/home/robohan/Tourobo2024/Tourobo2024ROS2_omni_sim/install/omni_sim/share/omni_sim/hook/ld_library_path_lib.sh'
[0.342s] Level 1:colcon.colcon_core.environment:checking '/home/robohan/Tourobo2024/Tourobo2024ROS2_omni_sim/install/omni_sim/bin'
[0.342s] Level 1:colcon.colcon_core.environment:checking '/home/robohan/Tourobo2024/Tourobo2024ROS2_omni_sim/install/omni_sim/lib/pkgconfig/omni_sim.pc'
[0.342s] Level 1:colcon.colcon_core.environment:checking '/home/robohan/Tourobo2024/Tourobo2024ROS2_omni_sim/install/omni_sim/lib/python3.10/site-packages'
[0.342s] Level 1:colcon.colcon_core.environment:checking '/home/robohan/Tourobo2024/Tourobo2024ROS2_omni_sim/install/omni_sim/bin'
[0.342s] INFO:colcon.colcon_core.shell:Creating package script '/home/robohan/Tourobo2024/Tourobo2024ROS2_omni_sim/install/omni_sim/share/omni_sim/package.ps1'
[0.343s] INFO:colcon.colcon_core.shell:Creating package descriptor '/home/robohan/Tourobo2024/Tourobo2024ROS2_omni_sim/install/omni_sim/share/omni_sim/package.dsv'
[0.343s] INFO:colcon.colcon_core.shell:Creating package script '/home/robohan/Tourobo2024/Tourobo2024ROS2_omni_sim/install/omni_sim/share/omni_sim/package.sh'
[0.344s] INFO:colcon.colcon_core.shell:Creating package script '/home/robohan/Tourobo2024/Tourobo2024ROS2_omni_sim/install/omni_sim/share/omni_sim/package.bash'
[0.344s] INFO:colcon.colcon_core.shell:Creating package script '/home/robohan/Tourobo2024/Tourobo2024ROS2_omni_sim/install/omni_sim/share/omni_sim/package.zsh'
[0.344s] Level 1:colcon.colcon_core.environment:create_file_with_runtime_dependencies(/home/robohan/Tourobo2024/Tourobo2024ROS2_omni_sim/install/omni_sim/share/colcon-core/packages/omni_sim)
[0.362s] Level 1:colcon.colcon_core.environment:create_environment_scripts_only(omni_sim)
[0.362s] Level 1:colcon.colcon_core.environment:checking '/home/robohan/Tourobo2024/Tourobo2024ROS2_omni_sim/install/omni_sim' for CMake module files
[0.362s] Level 1:colcon.colcon_core.environment:checking '/home/robohan/Tourobo2024/Tourobo2024ROS2_omni_sim/install/omni_sim' for CMake config files
[0.362s] Level 1:colcon.colcon_core.shell:create_environment_hook('omni_sim', 'cmake_prefix_path')
[0.362s] INFO:colcon.colcon_core.shell:Creating environment hook '/home/robohan/Tourobo2024/Tourobo2024ROS2_omni_sim/install/omni_sim/share/omni_sim/hook/cmake_prefix_path.ps1'
[0.363s] INFO:colcon.colcon_core.shell:Creating environment descriptor '/home/robohan/Tourobo2024/Tourobo2024ROS2_omni_sim/install/omni_sim/share/omni_sim/hook/cmake_prefix_path.dsv'
[0.363s] INFO:colcon.colcon_core.shell:Creating environment hook '/home/robohan/Tourobo2024/Tourobo2024ROS2_omni_sim/install/omni_sim/share/omni_sim/hook/cmake_prefix_path.sh'
[0.363s] Level 1:colcon.colcon_core.environment:checking '/home/robohan/Tourobo2024/Tourobo2024ROS2_omni_sim/install/omni_sim/lib'
[0.363s] Level 1:colcon.colcon_core.shell:create_environment_hook('omni_sim', 'ld_library_path_lib')
[0.363s] INFO:colcon.colcon_core.shell:Creating environment hook '/home/robohan/Tourobo2024/Tourobo2024ROS2_omni_sim/install/omni_sim/share/omni_sim/hook/ld_library_path_lib.ps1'
[0.363s] INFO:colcon.colcon_core.shell:Creating environment descriptor '/home/robohan/Tourobo2024/Tourobo2024ROS2_omni_sim/install/omni_sim/share/omni_sim/hook/ld_library_path_lib.dsv'
[0.364s] INFO:colcon.colcon_core.shell:Creating environment hook '/home/robohan/Tourobo2024/Tourobo2024ROS2_omni_sim/install/omni_sim/share/omni_sim/hook/ld_library_path_lib.sh'
[0.364s] Level 1:colcon.colcon_core.environment:checking '/home/robohan/Tourobo2024/Tourobo2024ROS2_omni_sim/install/omni_sim/bin'
[0.364s] Level 1:colcon.colcon_core.environment:checking '/home/robohan/Tourobo2024/Tourobo2024ROS2_omni_sim/install/omni_sim/lib/pkgconfig/omni_sim.pc'
[0.364s] Level 1:colcon.colcon_core.environment:checking '/home/robohan/Tourobo2024/Tourobo2024ROS2_omni_sim/install/omni_sim/lib/python3.10/site-packages'
[0.364s] Level 1:colcon.colcon_core.environment:checking '/home/robohan/Tourobo2024/Tourobo2024ROS2_omni_sim/install/omni_sim/bin'
[0.364s] INFO:colcon.colcon_core.shell:Creating package script '/home/robohan/Tourobo2024/Tourobo2024ROS2_omni_sim/install/omni_sim/share/omni_sim/package.ps1'
[0.364s] INFO:colcon.colcon_core.shell:Creating package descriptor '/home/robohan/Tourobo2024/Tourobo2024ROS2_omni_sim/install/omni_sim/share/omni_sim/package.dsv'
[0.365s] INFO:colcon.colcon_core.shell:Creating package script '/home/robohan/Tourobo2024/Tourobo2024ROS2_omni_sim/install/omni_sim/share/omni_sim/package.sh'
[0.365s] INFO:colcon.colcon_core.shell:Creating package script '/home/robohan/Tourobo2024/Tourobo2024ROS2_omni_sim/install/omni_sim/share/omni_sim/package.bash'
[0.365s] INFO:colcon.colcon_core.shell:Creating package script '/home/robohan/Tourobo2024/Tourobo2024ROS2_omni_sim/install/omni_sim/share/omni_sim/package.zsh'
[0.365s] Level 1:colcon.colcon_core.environment:create_file_with_runtime_dependencies(/home/robohan/Tourobo2024/Tourobo2024ROS2_omni_sim/install/omni_sim/share/colcon-core/packages/omni_sim)
[0.365s] DEBUG:colcon.colcon_parallel_executor.executor.parallel:closing loop
[0.365s] DEBUG:colcon.colcon_parallel_executor.executor.parallel:loop closed
[0.365s] DEBUG:colcon.colcon_parallel_executor.executor.parallel:run_until_complete finished with '0'
[0.365s] DEBUG:colcon.colcon_core.event_reactor:joining thread
[0.369s] INFO:colcon.colcon_core.plugin_system:Skipping extension 'colcon_notification.desktop_notification.terminal_notifier': Not used on non-Darwin systems
[0.369s] INFO:colcon.colcon_core.plugin_system:Skipping extension 'colcon_notification.desktop_notification.win32': Not used on non-Windows systems
[0.369s] INFO:colcon.colcon_notification.desktop_notification:Sending desktop notification using 'notify2'
[0.376s] DEBUG:colcon.colcon_core.event_reactor:joined thread
[0.377s] INFO:colcon.colcon_core.shell:Creating prefix script '/home/robohan/Tourobo2024/Tourobo2024ROS2_omni_sim/install/local_setup.ps1'
[0.377s] INFO:colcon.colcon_core.shell:Creating prefix util module '/home/robohan/Tourobo2024/Tourobo2024ROS2_omni_sim/install/_local_setup_util_ps1.py'
[0.378s] INFO:colcon.colcon_core.shell:Creating prefix chain script '/home/robohan/Tourobo2024/Tourobo2024ROS2_omni_sim/install/setup.ps1'
[0.378s] INFO:colcon.colcon_core.shell:Creating prefix script '/home/robohan/Tourobo2024/Tourobo2024ROS2_omni_sim/install/local_setup.sh'
[0.379s] INFO:colcon.colcon_core.shell:Creating prefix util module '/home/robohan/Tourobo2024/Tourobo2024ROS2_omni_sim/install/_local_setup_util_sh.py'
[0.379s] INFO:colcon.colcon_core.shell:Creating prefix chain script '/home/robohan/Tourobo2024/Tourobo2024ROS2_omni_sim/install/setup.sh'
[0.379s] INFO:colcon.colcon_core.shell:Creating prefix script '/home/robohan/Tourobo2024/Tourobo2024ROS2_omni_sim/install/local_setup.bash'
[0.380s] INFO:colcon.colcon_core.shell:Creating prefix chain script '/home/robohan/Tourobo2024/Tourobo2024ROS2_omni_sim/install/setup.bash'
[0.380s] INFO:colcon.colcon_core.shell:Creating prefix script '/home/robohan/Tourobo2024/Tourobo2024ROS2_omni_sim/install/local_setup.zsh'
[0.380s] INFO:colcon.colcon_core.shell:Creating prefix chain script '/home/robohan/Tourobo2024/Tourobo2024ROS2_omni_sim/install/setup.zsh'
